#
# A fatal error has been detected by the Java Runtime Environment:
#
#  SIGSEGV (0xb) at pc=0x00007f229372f3d1, pid=48468, tid=48478
#
# JRE version: OpenJDK Runtime Environment (11.0.11+9) (build 11.0.11+9-Ubuntu-0ubuntu2.18.04)
# Java VM: OpenJDK 64-Bit Server VM (11.0.11+9-Ubuntu-0ubuntu2.18.04, mixed mode, sharing, tiered, compressed oops, g1 gc, linux-amd64)
# Problematic frame:
# C  [libjimage.so+0x23d1]
#
# No core dump will be written. Core dumps have been disabled. To enable core dumping, try "ulimit -c unlimited" before starting Java again
#
# If you would like to submit a bug report, please visit:
#   https://bugs.launchpad.net/ubuntu/+source/openjdk-lts
#

---------------  S U M M A R Y ------------

Command Line: ModbusPal.jar

Host: Intel(R) Core(TM) i7-2600 CPU @ 3.40GHz, 2 cores, 7G, Ubuntu 18.04.1 LTS
Time: Tue Aug 24 14:28:07 2021 CST elapsed time: 81344.844650 seconds (0d 22h 35m 44s)

---------------  T H R E A D  ---------------

Current thread (0x00007f228c178800):  JavaThread "Signal Dispatcher" daemon [_thread_in_vm, id=48478, stack(0x00007f229059b000,0x00007f229069c000)]

Stack: [0x00007f229059b000,0x00007f229069c000],  sp=0x00007f2290699220,  free space=1016k
Native frames: (J=compiled Java code, A=aot compiled Java code, j=interpreted, Vv=VM code, C=native code)
C  [libjimage.so+0x23d1]
C  [libjimage.so+0x304a]
C  [libjimage.so+0x3515]  JIMAGE_FindResource+0xd5
V  [libjvm.so+0x596f2f]
V  [libjvm.so+0x5991cb]
V  [libjvm.so+0xd845ac]
V  [libjvm.so+0xd831d2]
V  [libjvm.so+0xd856e6]
V  [libjvm.so+0x6403ad]
V  [libjvm.so+0x824a4a]
j  jdk.internal.misc.Signal.dispatch(I)V+25 java.base@11.0.11
v  ~StubRoutines::call_stub
V  [libjvm.so+0x82db91]
V  [libjvm.so+0x82ca00]
V  [libjvm.so+0xb69441]
V  [libjvm.so+0xdba950]
V  [libjvm.so+0xdb67e9]
V  [libjvm.so+0xb7b34e]

Java frames: (J=compiled Java code, j=interpreted, Vv=VM code)
j  jdk.internal.misc.Signal.dispatch(I)V+25 java.base@11.0.11
v  ~StubRoutines::call_stub

siginfo: si_signo: 11 (SIGSEGV), si_code: 1 (SEGV_MAPERR), si_addr: 0x00007f228387e8e0

Register to memory mapping:

RAX=0x0000000000001a31 is an unknown value
RBX=0x00007f22906992d1 is pointing into the stack for thread: 0x00007f228c178800
RCX=0x00007f228387801c is an unknown value
RDX=0x0000000000001a31 is an unknown value
RSP=0x00007f2290699220 is pointing into the stack for thread: 0x00007f228c178800
RBP=0x00007f2290699240 is pointing into the stack for thread: 0x00007f228c178800
RSI=0x00007f22906992d0 is pointing into the stack for thread: 0x00007f228c178800
RDI=0x00007f2293932030: <offset 0x0000000000205030> in /usr/lib/jvm/java-11-openjdk-amd64/lib/libjimage.so at 0x00007f229372d000
R8 =0x0 is NULL
R9 =0x0000000076100fa4 is an unknown value
R10=0x00007f22906992f3 is pointing into the stack for thread: 0x00007f228c178800
R11=0x00007f22964dd720: <offset 0x00000000001af720> in /lib/x86_64-linux-gnu/libc.so.6 at 0x00007f229632e000
R12=0x00007f22906992d0 is pointing into the stack for thread: 0x00007f228c178800
R13=0x000000000000843b is an unknown value
R14=0x00007f229069a368 is pointing into the stack for thread: 0x00007f228c178800
R15=0x00007f228c179520 points into unknown readable memory: 0x65746e692f6b646a | 6a 64 6b 2f 69 6e 74 65


Registers:
RAX=0x0000000000001a31, RBX=0x00007f22906992d1, RCX=0x00007f228387801c, RDX=0x0000000000001a31
RSP=0x00007f2290699220, RBP=0x00007f2290699240, RSI=0x00007f22906992d0, RDI=0x00007f2293932030
R8 =0x0000000000000000, R9 =0x0000000076100fa4, R10=0x00007f22906992f3, R11=0x00007f22964dd720
R12=0x00007f22906992d0, R13=0x000000000000843b, R14=0x00007f229069a368, R15=0x00007f228c179520
RIP=0x00007f229372f3d1, EFLAGS=0x0000000000010246, CSGSFS=0x002b000000000033, ERR=0x0000000000000004
  TRAPNO=0x000000000000000e

Top of Stack: (sp=0x00007f2290699220)
0x00007f2290699220:   0000000000000000 00007f228c009a30
0x00007f2290699230:   0000000000000000 00007f22906992d0
0x00007f2290699240:   00007f22906992b0 00007f229373004a
0x00007f2290699250:   0000000000000000 0000000000000000 

Instructions: (pc=0x00007f229372f3d1)
0x00007f229372f2d1:   48 89 df 48 89 4d 88 e8 53 f3 ff ff 48 8b 4d 88
0x00007f229372f2e1:   44 03 6d 90 e9 42 fd ff ff 66 0f 1f 44 00 00 8b
0x00007f229372f2f1:   08 41 89 0e 44 89 c1 8b 74 08 fc 41 89 74 0e fc
0x00007f229372f301:   e9 d8 fe ff ff 66 2e 0f 1f 84 00 00 00 00 00 b9
0x00007f229372f311:   0a 00 00 00 e9 95 fd ff ff 44 89 c1 0f b7 74 08
0x00007f229372f321:   fe 66 41 89 74 0e fe e9 b1 fe ff ff 0f 1f 00 0f
0x00007f229372f331:   b6 17 89 f1 4c 8d 47 01 84 d2 74 1a 0f 1f 00 69
0x00007f229372f341:   c9 93 01 00 01 49 83 c0 01 31 d1 41 0f b6 50 ff
0x00007f229372f351:   84 d2 75 eb 89 ce 89 f0 25 ff ff ff 7f c3 90 48
0x00007f229372f361:   85 d2 0f 84 e1 00 00 00 85 c9 0f 84 d9 00 00 00
0x00007f229372f371:   55 48 89 e5 41 55 41 54 53 48 8d 5e 01 48 83 ec
0x00007f229372f381:   08 44 0f b6 06 45 84 c0 0f 84 b1 00 00 00 49 89
0x00007f229372f391:   da b8 93 01 00 01 66 0f 1f 84 00 00 00 00 00 44
0x00007f229372f3a1:   69 c8 93 01 00 01 49 83 c2 01 41 0f b6 c0 45 0f
0x00007f229372f3b1:   b6 42 ff 44 31 c8 45 84 c0 75 e4 25 ff ff ff 7f
0x00007f229372f3c1:   41 89 cd 48 89 d1 31 d2 49 89 f4 41 f7 f5 89 d0
0x00007f229372f3d1:   8b 34 81 48 8b 07 ff 50 20 85 c0 7f 22 ba ff ff
0x00007f229372f3e1:   ff ff 74 04 f7 d0 89 c2 48 83 c4 08 89 d0 5b 41
0x00007f229372f3f1:   5c 41 5d 5d c3 66 2e 0f 1f 84 00 00 00 00 00 41
0x00007f229372f401:   0f b6 34 24 89 c7 40 84 f6 74 1b 0f 1f 40 00 69
0x00007f229372f411:   ff 93 01 00 01 48 83 c3 01 31 f7 0f b6 73 ff 40
0x00007f229372f421:   84 f6 75 eb 89 f8 25 ff ff ff 7f 31 d2 48 83 c4
0x00007f229372f431:   08 41 f7 f5 5b 41 5c 41 5d 5d 89 d0 c3 66 90 b8
0x00007f229372f441:   93 01 00 01 e9 77 ff ff ff 83 ca ff 89 d0 c3 0f
0x00007f229372f451:   b6 17 48 89 f8 84 d2 75 19 eb 1e 0f 1f 40 00 38
0x00007f229372f461:   ca 75 1c 48 83 c0 01 0f b6 10 48 83 c6 01 84 d2
0x00007f229372f471:   74 15 0f b6 0e 84 c9 75 e6 c3 0f 1f 44 00 00 31
0x00007f229372f481:   c0 c3 0f 1f 44 00 00 c3 90 66 0f 1f 44 00 00 48
0x00007f229372f491:   85 f6 74 5a 0f b6 06 84 c0 74 54 0f 1f 40 00 0f
0x00007f229372f4a1:   b6 d0 83 e0 07 c1 fa 03 44 8d 50 01 0f b6 c0 41
0x00007f229372f4b1:   89 d1 4c 8d 44 06 02 48 8d 56 01 31 c0 66 90 0f
0x00007f229372f4c1:   b6 0a 48 c1 e0 08 48 83 c2 01 48 09 c8 49 39 d0 


Stack slot to memory mapping:
stack at sp + 0 slots: 0x0 is NULL
stack at sp + 1 slots: 0x00007f228c009a30 points into unknown readable memory: 0x00007f224800ed30 | 30 ed 00 48 22 7f 00 00
stack at sp + 2 slots: 0x0 is NULL
stack at sp + 3 slots: 0x00007f22906992d0 is pointing into the stack for thread: 0x00007f228c178800
stack at sp + 4 slots: 0x00007f22906992b0 is pointing into the stack for thread: 0x00007f228c178800
stack at sp + 5 slots: 0x00007f229373004a: <offset 0x000000000000304a> in /usr/lib/jvm/java-11-openjdk-amd64/lib/libjimage.so at 0x00007f229372d000
stack at sp + 6 slots: 0x0 is NULL
stack at sp + 7 slots: 0x0 is NULL


---------------  P R O C E S S  ---------------

Threads class SMR info:
_java_thread_list=0x00007f22502f83a0, length=20, elements={
0x00007f228c171000, 0x00007f228c173000, 0x00007f228c178800, 0x00007f228c17a800,
0x00007f228c17d000, 0x00007f228c17f000, 0x00007f228c181000, 0x00007f228c1b3800,
0x00007f228c326000, 0x00007f228c328800, 0x00007f228c32e000, 0x00007f228c330000,
0x00007f228c016800, 0x00007f225029d800, 0x00007f22502e4800, 0x00007f22502e8800,
0x00007f2250214800, 0x00007f2250115000, 0x00007f22500b1800, 0x00007f225020e000
}

Java Threads: ( => current thread )
  0x00007f228c171000 JavaThread "Reference Handler" daemon [_thread_blocked, id=48476, stack(0x00007f2290bcf000,0x00007f2290cd0000)]
  0x00007f228c173000 JavaThread "Finalizer" daemon [_thread_blocked, id=48477, stack(0x00007f2290ace000,0x00007f2290bcf000)]
=>0x00007f228c178800 JavaThread "Signal Dispatcher" daemon [_thread_in_vm, id=48478, stack(0x00007f229059b000,0x00007f229069c000)]
  0x00007f228c17a800 JavaThread "Service Thread" daemon [_thread_blocked, id=48479, stack(0x00007f229049a000,0x00007f229059b000)]
  0x00007f228c17d000 JavaThread "C2 CompilerThread0" daemon [_thread_blocked, id=48480, stack(0x00007f2290399000,0x00007f229049a000)]
  0x00007f228c17f000 JavaThread "C1 CompilerThread0" daemon [_thread_blocked, id=48481, stack(0x00007f2290298000,0x00007f2290399000)]
  0x00007f228c181000 JavaThread "Sweeper thread" daemon [_thread_blocked, id=48482, stack(0x00007f2290197000,0x00007f2290298000)]
  0x00007f228c1b3800 JavaThread "Common-Cleaner" daemon [_thread_blocked, id=48484, stack(0x00007f2274777000,0x00007f2274878000)]
  0x00007f228c326000 JavaThread "Java2D Disposer" daemon [_thread_blocked, id=48489, stack(0x00007f226c0bf000,0x00007f226c1c0000)]
  0x00007f228c328800 JavaThread "AWT-XAWT" daemon [_thread_in_native, id=48490, stack(0x00007f223022f000,0x00007f2230330000)]
  0x00007f228c32e000 JavaThread "AWT-Shutdown" [_thread_blocked, id=48491, stack(0x00007f223012e000,0x00007f223022f000)]
  0x00007f228c330000 JavaThread "AWT-EventQueue-0" [_thread_blocked, id=48492, stack(0x00007f223002d000,0x00007f223012e000)]
  0x00007f228c016800 JavaThread "DestroyJavaVM" [_thread_blocked, id=48469, stack(0x00007f2296a38000,0x00007f2296b39000)]
  0x00007f225029d800 JavaThread "TimerQueue" daemon [_thread_blocked, id=48503, stack(0x00007f222fa28000,0x00007f222fb29000)]
  0x00007f22502e4800 JavaThread "console" [_thread_blocked, id=48504, stack(0x00007f222f727000,0x00007f222f828000)]
  0x00007f22502e8800 JavaThread "console" [_thread_blocked, id=48505, stack(0x00007f222f626000,0x00007f222f727000)]
  0x00007f2250214800 JavaThread "Timer-0" daemon [_thread_blocked, id=50242, stack(0x00007f222ed11000,0x00007f222ee12000)]
  0x00007f2250115000 JavaThread "Thread-4" [_thread_in_native, id=52947, stack(0x00007f222fe2a000,0x00007f222ff2b000)]
  0x00007f22500b1800 JavaThread "serial link" [_thread_blocked, id=52948, stack(0x00007f222fd29000,0x00007f222fe2a000)]
  0x00007f225020e000 JavaThread "tilt" [_thread_blocked, id=52949, stack(0x00007f222f116000,0x00007f222f217000)]

Other Threads:
  0x00007f228c16e000 VMThread "VM Thread" [stack: 0x00007f2290cd2000,0x00007f2290dd2000] [id=48475]
  0x00007f228c1b1800 WatcherThread [stack: 0x00007f2290097000,0x00007f2290197000] [id=48483]
  0x00007f228c02f000 GCTaskThread "GC Thread#0" [stack: 0x00007f2292a0d000,0x00007f2292b0d000] [id=48470]
  0x00007f2258001000 GCTaskThread "GC Thread#1" [stack: 0x00007f222ff2d000,0x00007f223002d000] [id=48493]
  0x00007f228c060800 ConcurrentGCThread "G1 Main Marker" [stack: 0x00007f2291b5d000,0x00007f2291c5d000] [id=48471]
  0x00007f228c062000 ConcurrentGCThread "G1 Conc#0" [stack: 0x00007f2291a5b000,0x00007f2291b5b000] [id=48472]
  0x00007f228c0d4000 ConcurrentGCThread "G1 Refine#0" [stack: 0x00007f2291757000,0x00007f2291857000] [id=48473]
  0x00007f228c0d6000 ConcurrentGCThread "G1 Young RemSet Sampling" [stack: 0x00007f2291655000,0x00007f2291755000] [id=48474]

Threads with active compile tasks:

VM state:not at safepoint (normal execution)

VM Mutex/Monitor currently owned by a thread: None

Heap address: 0x0000000083800000, size: 1992 MB, Compressed Oops mode: 32-bit
Narrow klass base: 0x0000000800000000, Narrow klass shift: 3
Compressed class space size: 1073741824 Address: 0x0000000840000000

Heap:
 garbage-first heap   total 131072K, used 18208K [0x0000000083800000, 0x0000000100000000)
  region size 1024K, 12 young (12288K), 3 survivors (3072K)
 Metaspace       used 20729K, capacity 21451K, committed 21760K, reserved 1069056K
  class space    used 2446K, capacity 2771K, committed 2816K, reserved 1048576K
Heap Regions: E=young(eden), S=young(survivor), O=old, HS=humongous(starts), HC=humongous(continues), CS=collection set, F=free, A=archive, TAMS=top-at-mark-start (previous, next)
|   0|0x0000000083800000, 0x0000000083900000, 0x0000000083900000|100%| O|  |TAMS 0x0000000083900000, 0x0000000083800000| Untracked 
|   1|0x0000000083900000, 0x0000000083a00000, 0x0000000083a00000|100%|HS|  |TAMS 0x0000000083a00000, 0x0000000083900000| Complete 
|   2|0x0000000083a00000, 0x0000000083b00000, 0x0000000083b00000|100%| O|  |TAMS 0x0000000083b00000, 0x0000000083a00000| Untracked 
|   3|0x0000000083b00000, 0x0000000083c00000, 0x0000000083c00000|100%| O|  |TAMS 0x0000000083c00000, 0x0000000083b00000| Untracked 
|   4|0x0000000083c00000, 0x0000000083d00000, 0x0000000083d00000|100%| O|  |TAMS 0x0000000083d00000, 0x0000000083c00000| Untracked 
|   5|0x0000000083d00000, 0x0000000083e00000, 0x0000000083e00000|100%| O|  |TAMS 0x0000000083e00000, 0x0000000083d00000| Untracked 
|   6|0x0000000083e00000, 0x0000000083eeb400, 0x0000000083f00000| 91%| O|  |TAMS 0x0000000083eeb400, 0x0000000083e00000| Untracked 
|   7|0x0000000083f00000, 0x0000000083f00000, 0x0000000084000000|  0%| F|  |TAMS 0x0000000083f00000, 0x0000000083f00000| Untracked 
|   8|0x0000000084000000, 0x0000000084000000, 0x0000000084100000|  0%| F|  |TAMS 0x0000000084000000, 0x0000000084000000| Untracked 
|   9|0x0000000084100000, 0x0000000084100000, 0x0000000084200000|  0%| F|  |TAMS 0x0000000084100000, 0x0000000084100000| Untracked 
|  10|0x0000000084200000, 0x0000000084200000, 0x0000000084300000|  0%| F|  |TAMS 0x0000000084200000, 0x0000000084200000| Untracked 
|  11|0x0000000084300000, 0x0000000084300000, 0x0000000084400000|  0%| F|  |TAMS 0x0000000084300000, 0x0000000084300000| Untracked 
|  12|0x0000000084400000, 0x0000000084400000, 0x0000000084500000|  0%| F|  |TAMS 0x0000000084400000, 0x0000000084400000| Untracked 
|  13|0x0000000084500000, 0x0000000084500000, 0x0000000084600000|  0%| F|  |TAMS 0x0000000084500000, 0x0000000084500000| Untracked 
|  14|0x0000000084600000, 0x0000000084600000, 0x0000000084700000|  0%| F|  |TAMS 0x0000000084600000, 0x0000000084600000| Untracked 
|  15|0x0000000084700000, 0x0000000084700000, 0x0000000084800000|  0%| F|  |TAMS 0x0000000084700000, 0x0000000084700000| Untracked 
|  16|0x0000000084800000, 0x0000000084800000, 0x0000000084900000|  0%| F|  |TAMS 0x0000000084800000, 0x0000000084800000| Untracked 
|  17|0x0000000084900000, 0x0000000084900000, 0x0000000084a00000|  0%| F|  |TAMS 0x0000000084900000, 0x0000000084900000| Untracked 
|  18|0x0000000084a00000, 0x0000000084a00000, 0x0000000084b00000|  0%| F|  |TAMS 0x0000000084a00000, 0x0000000084a00000| Untracked 
|  19|0x0000000084b00000, 0x0000000084b00000, 0x0000000084c00000|  0%| F|  |TAMS 0x0000000084b00000, 0x0000000084b00000| Untracked 
|  20|0x0000000084c00000, 0x0000000084c00000, 0x0000000084d00000|  0%| F|  |TAMS 0x0000000084c00000, 0x0000000084c00000| Untracked 
|  21|0x0000000084d00000, 0x0000000084d00000, 0x0000000084e00000|  0%| F|  |TAMS 0x0000000084d00000, 0x0000000084d00000| Untracked 
|  22|0x0000000084e00000, 0x0000000084e00000, 0x0000000084f00000|  0%| F|  |TAMS 0x0000000084e00000, 0x0000000084e00000| Untracked 
|  23|0x0000000084f00000, 0x0000000084f00000, 0x0000000085000000|  0%| F|  |TAMS 0x0000000084f00000, 0x0000000084f00000| Untracked 
|  24|0x0000000085000000, 0x0000000085000000, 0x0000000085100000|  0%| F|  |TAMS 0x0000000085000000, 0x0000000085000000| Untracked 
|  25|0x0000000085100000, 0x0000000085100000, 0x0000000085200000|  0%| F|  |TAMS 0x0000000085100000, 0x0000000085100000| Untracked 
|  26|0x0000000085200000, 0x0000000085200000, 0x0000000085300000|  0%| F|  |TAMS 0x0000000085200000, 0x0000000085200000| Untracked 
|  27|0x0000000085300000, 0x0000000085300000, 0x0000000085400000|  0%| F|  |TAMS 0x0000000085300000, 0x0000000085300000| Untracked 
|  28|0x0000000085400000, 0x0000000085400000, 0x0000000085500000|  0%| F|  |TAMS 0x0000000085400000, 0x0000000085400000| Untracked 
|  29|0x0000000085500000, 0x0000000085500000, 0x0000000085600000|  0%| F|  |TAMS 0x0000000085500000, 0x0000000085500000| Untracked 
|  30|0x0000000085600000, 0x0000000085600000, 0x0000000085700000|  0%| F|  |TAMS 0x0000000085600000, 0x0000000085600000| Untracked 
|  31|0x0000000085700000, 0x0000000085700000, 0x0000000085800000|  0%| F|  |TAMS 0x0000000085700000, 0x0000000085700000| Untracked 
|  32|0x0000000085800000, 0x0000000085800000, 0x0000000085900000|  0%| F|  |TAMS 0x0000000085800000, 0x0000000085800000| Untracked 
|  33|0x0000000085900000, 0x0000000085900000, 0x0000000085a00000|  0%| F|  |TAMS 0x0000000085900000, 0x0000000085900000| Untracked 
